#
# A fatal error has been detected by the Java Runtime Environment:
#
#  Internal Error (javaClasses.cpp:129), pid=2340, tid=2936
#  fatal error: Invalid layout of preloaded class
#
# JRE version: 7.0_13-b20
# Java VM: Java HotSpot(TM) 64-Bit Server VM (23.7-b01 mixed mode windows-amd64 compressed oops)
# Failed to write core dump. Minidumps are not enabled by default on client versions of Windows
#
# If you would like to submit a bug report, please visit:
#   http://bugreport.sun.com/bugreport/crash.jsp
#

---------------  T H R E A D  ---------------

Current thread (0x00000000021ed800):  JavaThread "Unknown thread" [_thread_in_vm, id=2936, stack(0x0000000001e80000,0x0000000001f80000)]

Stack: [0x0000000001e80000,0x0000000001f80000]

---------------  P R O C E S S  ---------------

Java Threads: ( => current thread )

Other Threads:

=>0x00000000021ed800 (exited) JavaThread "Unknown thread" [_thread_in_vm, id=2936, stack(0x0000000001e80000,0x0000000001f80000)]

VM state:not at safepoint (not fully initialized)

VM Mutex/Monitor currently owned by a thread: None

GC Heap History (0 events):
No events

Deoptimization events (0 events):
No events

Internal exceptions (0 events):
No events

Events (10 events):
Event: 0.008 loading class 0x0000000002051df0 done
Event: 0.008 loading class 0x00000000020144d0 done
Event: 0.008 loading class 0x0000000002013ea0
Event: 0.008 loading class 0x00000000020530b0
Event: 0.008 loading class 0x00000000020530b0 done
Event: 0.008 loading class 0x0000000002079090
Event: 0.008 loading class 0x0000000002079090 done
Event: 0.008 loading class 0x0000000002077b70
Event: 0.008 loading class 0x0000000002077b70 done
Event: 0.008 loading class 0x0000000002013ea0 done


Dynamic libraries:
0x000007f7ab420000 - 0x000007f7ab453000 	C:\Program Files\Java\jre7\bin\javaw.exe
0x000007ff10d00000 - 0x000007ff10ebe000 	C:\Windows\SYSTEM32\ntdll.dll
0x000007ff0e280000 - 0x000007ff0e3b6000 	C:\Windows\system32\KERNEL32.DLL
0x000007ff0dfc0000 - 0x000007ff0e0b3000 	C:\Windows\system32\KERNELBASE.dll
0x000007ff0e700000 - 0x000007ff0e7de000 	C:\Windows\system32\ADVAPI32.dll
0x000007ff0ef80000 - 0x000007ff0f0cc000 	C:\Windows\system32\USER32.dll
0x000007ff0a680000 - 0x000007ff0a8e9000 	C:\Windows\WinSxS\amd64_microsoft.windows.common-controls_6595b64144ccf1df_6.0.9200.16384_none_418c2a697189c07f\COMCTL32.dll
0x000007ff0eaa0000 - 0x000007ff0eb45000 	C:\Windows\system32\msvcrt.dll
0x000007ff0f260000 - 0x000007ff0f2a8000 	C:\Windows\SYSTEM32\sechost.dll
0x000007ff109f0000 - 0x000007ff10b30000 	C:\Windows\system32\RPCRT4.dll
0x000007ff0e940000 - 0x000007ff0ea80000 	C:\Windows\system32\GDI32.dll
0x000007ff0e3c0000 - 0x000007ff0e3f9000 	C:\Windows\system32\IMM32.DLL
0x000007ff0f360000 - 0x000007ff0f474000 	C:\Windows\system32\MSCTF.dll
0x000007ff0dbe0000 - 0x000007ff0dc20000 	C:\Windows\system32\nvinitx.dll
0x0000000050040000 - 0x0000000050111000 	C:\Program Files\Java\jre7\bin\msvcr100.dll
0x00000000778e0000 - 0x0000000077fff000 	C:\Program Files\Java\jre7\bin\server\jvm.dll
0x000007ff03480000 - 0x000007ff03489000 	C:\Windows\SYSTEM32\WSOCK32.dll
0x000007ff0b5d0000 - 0x000007ff0b5f0000 	C:\Windows\SYSTEM32\WINMM.dll
0x000007ff0f0d0000 - 0x000007ff0f0d7000 	C:\Windows\system32\PSAPI.DLL
0x000007ff10990000 - 0x000007ff109e8000 	C:\Windows\system32\WS2_32.dll
0x000007ff0b580000 - 0x000007ff0b5b2000 	C:\Windows\SYSTEM32\WINMMBASE.dll
0x000007ff0e410000 - 0x000007ff0e419000 	C:\Windows\system32\NSI.dll
0x0000000050030000 - 0x000000005003f000 	C:\Program Files\Java\jre7\bin\verify.dll
0x0000000050000000 - 0x0000000050028000 	C:\Program Files\Java\jre7\bin\java.dll
0x00000000778c0000 - 0x00000000778d5000 	C:\Program Files\Java\jre7\bin\zip.dll

VM Arguments:
jvm_args: -Dfile.encoding=Cp1252 -Xbootclasspath:C:\Users\kuzya\android-sdks\platforms\android-8\android.jar;C:\Users\kuzya\android-sdks\add-ons\addon-google_apis-google-8\libs\maps.jar 
java_command: com.github.sinhr.jclient.JClient
Launcher Type: SUN_STANDARD

Environment Variables:
JAVA_HOME=C:\Progra~1\Java\jdk1.7.0_13
PATH=C:\Program Files (x86)\NVIDIA Corporation\PhysX\Common;C:\Windows\system32;C:\Windows;C:\Windows\System32\Wbem;C:\Windows\System32\WindowsPowerShell\v1.0\;C:\Program Files (x86)\nodejs\;C:\Users\kuzya\AppData\Roaming\npm\;C:\Program Files\Java\apache-maven-3.0.5\bin
USERNAME=kuzya
OS=Windows_NT
PROCESSOR_IDENTIFIER=Intel64 Family 6 Model 58 Stepping 9, GenuineIntel



---------------  S Y S T E M  ---------------

OS: Windows 8 , 64 bit Build 9200 

CPU:total 8 (4 cores per cpu, 2 threads per core) family 6 model 58 stepping 9, cmov, cx8, fxsr, mmx, sse, sse2, sse3, ssse3, sse4.1, sse4.2, popcnt, avx, ht, tsc, tscinvbit, tscinv

Memory: 4k page, physical 8271672k(5962820k free), swap 9516856k(6714164k free)

vm_info: Java HotSpot(TM) 64-Bit Server VM (23.7-b01) for windows-amd64 JRE (1.7.0_13-b20), built on Jan 30 2013 10:10:00 by "java_re" with unknown MS VC++:1600

time: Tue Mar 05 14:01:02 2013
elapsed time: 0 seconds

